<?xml version="1.0" encoding="UTF-8"?>
<robot generator="Robot 6.0.2 (Python 3.9.0 on win32)" generated="20230129 13:20:34.947" rpa="false" schemaversion="3">
<suite id="s1" name="Https" source="C:\Users\Lucyna\PycharmProjects\Robot\https.robot">
<test id="s1-t1" name="API_GET_STATUS" line="16">
<kw name="GET" library="RequestsLibrary">
<var>${get_response}</var>
<arg>https://simple-books-api.glitch.me/status</arg>
<doc>Sends a GET request.</doc>
<msg timestamp="20230129 13:20:36.056" level="INFO">GET Request : url=https://simple-books-api.glitch.me/status 
 path_url=/status 
 headers={'User-Agent': 'python-requests/2.28.2', 'Accept-Encoding': 'gzip, deflate', 'Accept': '*/*', 'Connection': 'keep-alive'} 
 body=None 
 </msg>
<msg timestamp="20230129 13:20:36.056" level="INFO">GET Response : url=https://simple-books-api.glitch.me/status 
 status=200, reason=OK 
 headers={'Date': 'Sun, 29 Jan 2023 12:20:35 GMT', 'Content-Type': 'application/json; charset=utf-8', 'Content-Length': '15', 'Connection': 'keep-alive', 'x-powered-by': 'Express', 'etag': 'W/"f-v/Y1JusChTxrQUzPtNAKycooOTA"'} 
 body={"status":"OK"} 
 </msg>
<msg timestamp="20230129 13:20:36.056" level="INFO">${get_response} = &lt;Response [200]&gt;</msg>
<status status="PASS" starttime="20230129 13:20:35.181" endtime="20230129 13:20:36.056"/>
</kw>
<kw name="Log To Console" library="BuiltIn">
<arg>status ${get_response}</arg>
<doc>Logs the given message to the console.</doc>
<status status="PASS" starttime="20230129 13:20:36.072" endtime="20230129 13:20:36.072"/>
</kw>
<status status="PASS" starttime="20230129 13:20:35.181" endtime="20230129 13:20:36.072"/>
</test>
<test id="s1-t2" name="GET_BOOKS" line="26">
<kw name="GET" library="RequestsLibrary">
<var>${get_response}</var>
<arg>https://simple-books-api.glitch.me/books</arg>
<doc>Sends a GET request.</doc>
<msg timestamp="20230129 13:20:36.634" level="INFO">GET Request : url=https://simple-books-api.glitch.me/books 
 path_url=/books 
 headers={'User-Agent': 'python-requests/2.28.2', 'Accept-Encoding': 'gzip, deflate', 'Accept': '*/*', 'Connection': 'keep-alive'} 
 body=None 
 </msg>
<msg timestamp="20230129 13:20:36.634" level="INFO">GET Response : url=https://simple-books-api.glitch.me/books 
 status=200, reason=OK 
 headers={'Date': 'Sun, 29 Jan 2023 12:20:36 GMT', 'Content-Type': 'application/json; charset=utf-8', 'Content-Length': '417', 'Connection': 'keep-alive', 'x-powered-by': 'Express', 'etag': 'W/"1a1-MfqhfTYtZO2sguD1mJq8Vf41WjU"'} 
 body=[{"id":1,"name":"The Russian","type":"fiction","available":true},{"id":2,"name":"Just as I Am","type":"non-fiction","available":false},{"id":3,"name":"The Vanishing Half","type":"fiction","available":true},{"id":4,"name":"The Midnight Library","type":"fiction","available":true},{"id":5,"name":"Untamed","type":"non-fiction","available":true},{"id":6,"name":"Viscount Who Loved Me","type":"fiction","available":true}] 
 </msg>
<msg timestamp="20230129 13:20:36.634" level="INFO">${get_response} = &lt;Response [200]&gt;</msg>
<status status="PASS" starttime="20230129 13:20:36.072" endtime="20230129 13:20:36.650"/>
</kw>
<kw name="Log To Console" library="BuiltIn">
<arg>status ${get_response}</arg>
<doc>Logs the given message to the console.</doc>
<status status="PASS" starttime="20230129 13:20:36.650" endtime="20230129 13:20:36.650"/>
</kw>
<status status="PASS" starttime="20230129 13:20:36.072" endtime="20230129 13:20:36.650"/>
</test>
<test id="s1-t3" name="ORDER" line="33">
<kw name="Create Dictionary" library="BuiltIn">
<var>${headers}</var>
<arg>Content-Type=application/json</arg>
<arg>Authorization=Bearer ${token}</arg>
<doc>Creates and returns a dictionary based on the given ``items``.</doc>
<msg timestamp="20230129 13:20:36.650" level="INFO">${headers} = {'Content-Type': 'application/json', 'Authorization': 'Bearer 731187f9917ec1164932415ab0873f84c472620a375a23e1bbf3532b5a50f804'}</msg>
<status status="PASS" starttime="20230129 13:20:36.650" endtime="20230129 13:20:36.650"/>
</kw>
<kw name="Create Dictionary" library="BuiltIn">
<var>&amp;{order_body}</var>
<arg>bookId=4</arg>
<arg>ClientName=lucyna</arg>
<doc>Creates and returns a dictionary based on the given ``items``.</doc>
<msg timestamp="20230129 13:20:36.666" level="INFO">&amp;{order_body} = { bookId=4 | ClientName=lucyna }</msg>
<status status="PASS" starttime="20230129 13:20:36.650" endtime="20230129 13:20:36.666"/>
</kw>
<kw name="POST" library="RequestsLibrary">
<var>${post_order_response}</var>
<arg>https://simple-books-api.glitch.me/orders</arg>
<arg>headers=${headers}</arg>
<arg>json=&amp;{order_body}</arg>
<doc>Sends a POST request.</doc>
<msg timestamp="20230129 13:20:37.384" level="INFO">POST Request : url=https://simple-books-api.glitch.me/orders 
 path_url=/orders 
 headers={'User-Agent': 'python-requests/2.28.2', 'Accept-Encoding': 'gzip, deflate', 'Accept': '*/*', 'Connection': 'keep-alive', 'Content-Type': 'application/json', 'Authorization': 'Bearer 731187f9917ec1164932415ab0873f84c472620a375a23e1bbf3532b5a50f804', 'Content-Length': '39'} 
 body=b'{"bookId": "4", "ClientName": "lucyna"}' 
 </msg>
<msg timestamp="20230129 13:20:37.384" level="INFO">POST Response : url=https://simple-books-api.glitch.me/orders 
 status=201, reason=Created 
 headers={'Date': 'Sun, 29 Jan 2023 12:20:37 GMT', 'Content-Type': 'application/json; charset=utf-8', 'Content-Length': '50', 'Connection': 'keep-alive', 'x-powered-by': 'Express', 'etag': 'W/"32-nK8EPVNDZQY5sQ1ugXYeXRlBx5A"'} 
 body={"created":true,"orderId":"F-j_bOC4ssxdezQDWRLIC"} 
 </msg>
<msg timestamp="20230129 13:20:37.384" level="INFO">${post_order_response} = &lt;Response [201]&gt;</msg>
<status status="PASS" starttime="20230129 13:20:36.666" endtime="20230129 13:20:37.384"/>
</kw>
<status status="PASS" starttime="20230129 13:20:36.650" endtime="20230129 13:20:37.384"/>
</test>
<status status="PASS" starttime="20230129 13:20:34.947" endtime="20230129 13:20:37.400"/>
</suite>
<statistics>
<total>
<stat pass="3" fail="0" skip="0">All Tests</stat>
</total>
<tag>
</tag>
<suite>
<stat pass="3" fail="0" skip="0" id="s1" name="Https">Https</stat>
</suite>
</statistics>
<errors>
</errors>
</robot>
